Script started on 2018-10-01 10:05:50-0700
]0;dand@ubuntu: ~/gt_omscs/cs6210_advos/projects/1/test/memory[01;32mdand@ubuntu[00m:[01;34m~/gt_omscs/cs6210_advos/projects/1/test/memory[00m$ ./monitor.py 
vm0: 512.0 275.22265625
vm1: 512.0 275.49609375
vm2: 512.0 275.70703125
vm3: 512.0 275.3828125
--------------------------------------------------------------------------------
total  :             12273216 KiB
free   :              6106552 KiB
buffers:               113956 KiB
cached :              2116052 KiB


--------------------------------------------------------------------------------
vm0: 512.0 275.22265625
vm1: 512.0 275.49609375
vm2: 512.0 275.70703125
vm3: 512.0 275.3828125
--------------------------------------------------------------------------------
total  :             12273216 KiB
free   :              6107076 KiB
buffers:               113956 KiB
cached :              2116056 KiB


--------------------------------------------------------------------------------
vm0: 512.0 275.22265625
vm1: 512.0 275.49609375
vm2: 512.0 275.70703125
vm3: 512.0 275.3828125
--------------------------------------------------------------------------------
total  :             12273216 KiB
free   :              6107228 KiB
buffers:               113956 KiB
cached :              2116056 KiB


--------------------------------------------------------------------------------
vm0: 512.0 274.72265625
vm1: 512.0 274.3984375
vm2: 512.0 275.17578125
vm3: 512.0 273.390625
--------------------------------------------------------------------------------
total  :             12273216 KiB
free   :              6103264 KiB
buffers:               113964 KiB
cached :              2116056 KiB


--------------------------------------------------------------------------------
vm0: 512.0 260.96875
vm1: 512.0 260.4921875
vm2: 512.0 261.07421875
vm3: 512.0 261.0
--------------------------------------------------------------------------------
total  :             12273216 KiB
free   :              6101604 KiB
buffers:               113964 KiB
cached :              2116056 KiB


--------------------------------------------------------------------------------
vm0: 385.02734375 118.44140625
vm1: 385.02734375 118.0859375
vm2: 385.02734375 118.66796875
vm3: 385.02734375 118.47265625
--------------------------------------------------------------------------------
total  :             12273216 KiB
free   :              5538196 KiB
buffers:               113964 KiB
cached :              2116056 KiB


--------------------------------------------------------------------------------
vm0: 385.02734375 102.578125
vm1: 385.02734375 102.46484375
vm2: 385.02734375 102.92578125
vm3: 385.02734375 102.8828125
--------------------------------------------------------------------------------
total  :             12273216 KiB
free   :              5472412 KiB
buffers:               113964 KiB
cached :              2116056 KiB


--------------------------------------------------------------------------------
vm0: 408.12890625 109.875
vm1: 408.12890625 110.00390625
vm2: 408.12890625 110.19140625
vm3: 408.12890625 110.26953125
--------------------------------------------------------------------------------
total  :             12273216 KiB
free   :              5402996 KiB
buffers:               113972 KiB
cached :              2116056 KiB


--------------------------------------------------------------------------------
vm0: 432.6171875 118.8359375
vm1: 408.12890625 94.3828125
vm2: 408.12890625 94.6015625
vm3: 408.12890625 94.76953125
--------------------------------------------------------------------------------
total  :             12273216 KiB
free   :              5351412 KiB
buffers:               113972 KiB
cached :              2116056 KiB


--------------------------------------------------------------------------------
vm0: 432.6171875 103.09375
vm1: 436.69921875 107.39453125
vm2: 436.69921875 107.80078125
vm3: 436.69921875 107.7265625
--------------------------------------------------------------------------------
total  :             12273216 KiB
free   :              5295176 KiB
buffers:               113972 KiB
cached :              2116060 KiB


--------------------------------------------------------------------------------
vm0: 462.90234375 117.6796875
vm1: 462.90234375 118.05078125
vm2: 462.90234375 118.3359375
vm3: 462.90234375 118.1953125
--------------------------------------------------------------------------------
total  :             12273216 KiB
free   :              5237384 KiB
buffers:               113972 KiB
cached :              2115968 KiB


--------------------------------------------------------------------------------
vm0: 495.3046875 134.55859375
vm1: 495.3046875 134.81640625
vm2: 495.3046875 134.8046875
vm3: 495.3046875 134.78515625
--------------------------------------------------------------------------------
total  :             12273216 KiB
free   :              5179040 KiB
buffers:               113972 KiB
cached :              2115968 KiB


--------------------------------------------------------------------------------
vm0: 495.3046875 118.81640625
vm1: 495.3046875 119.07421875
vm2: 495.3046875 119.34375
vm3: 495.3046875 119.32421875
--------------------------------------------------------------------------------
total  :             12273216 KiB
free   :              5122776 KiB
buffers:               113980 KiB
cached :              2115968 KiB


--------------------------------------------------------------------------------
vm0: 529.9765625 137.94921875
vm1: 525.0234375 133.484375
vm2: 525.0234375 133.6328125
vm3: 525.0234375 133.9765625
--------------------------------------------------------------------------------
total  :             12273216 KiB
free   :              5026068 KiB
buffers:               113980 KiB
cached :              2115968 KiB


--------------------------------------------------------------------------------
vm0: 561.77734375 154.17578125
vm1: 561.77734375 154.796875
vm2: 561.77734375 154.82421875
vm3: 556.52734375 149.71875
--------------------------------------------------------------------------------
total  :             12273216 KiB
free   :              4898048 KiB
buffers:               113980 KiB
cached :              2115968 KiB


--------------------------------------------------------------------------------
vm0: 561.77734375 138.5546875
vm1: 561.77734375 139.0546875
vm2: 561.77734375 139.32421875
vm3: 556.52734375 134.09765625
--------------------------------------------------------------------------------
total  :             12273216 KiB
free   :              4880884 KiB
buffers:               113988 KiB
cached :              2115968 KiB


--------------------------------------------------------------------------------
vm0: 595.484375 156.59765625
vm1: 595.484375 157.33984375
vm2: 595.484375 157.3671875
vm3: 589.921875 151.8984375
--------------------------------------------------------------------------------
total  :             12273216 KiB
free   :              4794044 KiB
buffers:               113988 KiB
cached :              2115968 KiB


--------------------------------------------------------------------------------
vm0: 631.21484375 176.578125
vm1: 595.484375 141.59765625
vm2: 595.484375 141.625
vm3: 625.31640625 171.63671875
--------------------------------------------------------------------------------
total  :             12273216 KiB
free   :              4728952 KiB
buffers:               113988 KiB
cached :              2115968 KiB


--------------------------------------------------------------------------------
vm0: 631.21484375 160.95703125
vm1: 637.16796875 167.6328125
vm2: 637.16796875 167.66015625
vm3: 625.31640625 156.015625
--------------------------------------------------------------------------------
total  :             12273216 KiB
free   :              4666676 KiB
buffers:               113988 KiB
cached :              2115968 KiB


--------------------------------------------------------------------------------
vm0: 669.08984375 182.875
vm1: 648.16796875 151.6484375
vm2: 654.16796875 151.796875
vm3: 662.8359375 177.93359375
--------------------------------------------------------------------------------
total  :             12273216 KiB
free   :              4552184 KiB
buffers:               113996 KiB
cached :              2115972 KiB


--------------------------------------------------------------------------------
vm0: 698.08984375 166.6484375
vm1: 681.76953125 180.34765625
vm2: 681.76953125 180.6171875
vm3: 701.8359375 161.859375
--------------------------------------------------------------------------------
total  :             12273216 KiB
free   :              4477364 KiB
buffers:               113996 KiB
cached :              2115972 KiB


--------------------------------------------------------------------------------
vm0: 709.234375 191.59375
vm1: 722.67578125 164.7265625
vm2: 722.67578125 164.75390625
vm3: 702.60546875 186.44140625
--------------------------------------------------------------------------------
total  :             12273216 KiB
free   :              4412388 KiB
buffers:               113996 KiB
cached :              2115972 KiB


--------------------------------------------------------------------------------
vm0: 751.7890625 175.73046875
vm1: 722.67578125 190.03515625
vm2: 722.67578125 189.94140625
vm3: 744.76171875 170.69921875
--------------------------------------------------------------------------------
total  :             12273216 KiB
free   :              4347180 KiB
buffers:               114004 KiB
cached :              2115972 KiB


--------------------------------------------------------------------------------
vm0: 751.7890625 202.64453125
vm1: 766.0390625 174.56640625
vm2: 766.0390625 174.3203125
vm3: 744.76171875 197.21875
--------------------------------------------------------------------------------
total  :             12273216 KiB
free   :              4280224 KiB
buffers:               114004 KiB
cached :              2115972 KiB


--------------------------------------------------------------------------------
vm0: 796.8984375 187.0234375
vm1: 766.0390625 202.17578125
vm2: 766.0390625 202.05078125
vm3: 789.44921875 181.4765625
--------------------------------------------------------------------------------
total  :             12273216 KiB
free   :              4209816 KiB
buffers:               114004 KiB
cached :              2115972 KiB


--------------------------------------------------------------------------------
vm0: 796.8984375 216.44921875
vm1: 812.00390625 186.3125
vm2: 812.00390625 186.1875
vm3: 789.44921875 210.5390625
--------------------------------------------------------------------------------
total  :             12273216 KiB
free   :              4141512 KiB
buffers:               114004 KiB
cached :              2115972 KiB


--------------------------------------------------------------------------------
vm0: 796.8984375 200.828125
vm1: 812.00390625 216.5859375
vm2: 812.00390625 216.33984375
vm3: 836.81640625 194.796875
--------------------------------------------------------------------------------
total  :             12273216 KiB
free   :              4105656 KiB
buffers:               114004 KiB
cached :              2115972 KiB


--------------------------------------------------------------------------------
vm0: 844.71484375 233.0390625
vm1: 860.7265625 200.84375
vm2: 860.7265625 200.59765625
vm3: 836.81640625 226.5234375
--------------------------------------------------------------------------------
total  :             12273216 KiB
free   :              3997640 KiB
buffers:               114012 KiB
cached :              2115964 KiB


--------------------------------------------------------------------------------
vm0: 844.71484375 217.17578125
vm1: 860.7265625 233.78125
vm2: 860.7265625 233.56640625
vm3: 836.81640625 210.90234375
--------------------------------------------------------------------------------
total  :             12273216 KiB
free   :              3997912 KiB
buffers:               114012 KiB
cached :              2115972 KiB


--------------------------------------------------------------------------------
vm0: 895.3984375 252.26953125
vm1: 860.7265625 217.91796875
vm2: 860.7265625 217.9453125
vm3: 887.02734375 245.4140625
--------------------------------------------------------------------------------
total  :             12273216 KiB
free   :              3925668 KiB
buffers:               114012 KiB
cached :              2115976 KiB


--------------------------------------------------------------------------------
vm0: 895.3984375 228.921875
vm1: 912.37109375 254.125
vm2: 912.37109375 254.00390625
vm3: 887.02734375 229.79296875
--------------------------------------------------------------------------------
total  :             12273216 KiB
free   :              3860576 KiB
buffers:               114012 KiB
cached :              2115976 KiB


--------------------------------------------------------------------------------
vm0: 949.125 266.6796875
vm1: 912.37109375 230.390625
vm2: 912.37109375 230.109375
vm3: 940.25 259.4609375
--------------------------------------------------------------------------------
total  :             12273216 KiB
free   :              3785916 KiB
buffers:               114020 KiB
cached :              2115976 KiB


--------------------------------------------------------------------------------
vm0: 949.125 250.9609375
vm1: 967.11328125 269.26171875
vm2: 967.11328125 268.69921875
vm3: 940.25 243.71875
--------------------------------------------------------------------------------
total  :             12273216 KiB
free   :              3707868 KiB
buffers:               114020 KiB
cached :              2115976 KiB


--------------------------------------------------------------------------------
vm0: 949.125 235.21875
vm1: 967.11328125 253.76171875
vm2: 967.11328125 253.23828125
vm3: 940.25 228.21875
--------------------------------------------------------------------------------
total  :             12273216 KiB
free   :              3707800 KiB
buffers:               114020 KiB
cached :              2115976 KiB


--------------------------------------------------------------------------------
vm0: 1006.07421875 276.51171875
vm1: 967.11328125 238.01953125
vm2: 967.11328125 237.73828125
vm3: 996.6640625 269.02734375
--------------------------------------------------------------------------------
total  :             12273216 KiB
free   :              3621776 KiB
buffers:               114020 KiB
cached :              2115976 KiB


--------------------------------------------------------------------------------
vm0: 1006.07421875 260.40625
vm1: 1086.6484375 284.8671875
vm2: 1025.140625 279.63671875
vm3: 996.6640625 253.40625
--------------------------------------------------------------------------------
total  :             12273216 KiB
free   :              3475956 KiB
buffers:               114020 KiB
cached :              2115976 KiB


--------------------------------------------------------------------------------
vm0: 461.28125 307.40234375
vm1: 471.05859375 329.1171875
vm2: 1025.140625 262.19921875
vm3: 1066.4296875 235.2421875
--------------------------------------------------------------------------------
total  :             12273216 KiB
free   :              4693228 KiB
buffers:               114020 KiB
cached :              2115976 KiB


--------------------------------------------------------------------------------
vm0: 343.5 121.88671875
vm1: 347.61328125 126.1640625
vm2: 1086.6484375 308.21484375
vm3: 1066.4296875 289.85546875
--------------------------------------------------------------------------------
total  :             12273216 KiB
free   :              4712764 KiB
buffers:               114020 KiB
cached :              2115976 KiB


--------------------------------------------------------------------------------
vm0: 343.5 107.59765625
vm1: 347.61328125 111.6328125
vm2: 1086.6484375 292.8359375
vm3: 1066.4296875 274.35546875
--------------------------------------------------------------------------------
total  :             12273216 KiB
free   :              4712628 KiB
buffers:               114020 KiB
cached :              2115980 KiB


--------------------------------------------------------------------------------
vm0: 343.5 107.59765625
vm1: 347.61328125 111.6328125
vm2: 1086.6484375 276.97265625
vm3: 1130.41796875 322.33984375
--------------------------------------------------------------------------------
total  :             12273216 KiB
free   :              4657768 KiB
buffers:               114020 KiB
cached :              2115980 KiB


--------------------------------------------------------------------------------
vm0: 343.5 107.59765625
vm1: 347.61328125 111.6328125
vm2: 1151.84765625 326.7421875
vm3: 1130.41796875 307.08203125
--------------------------------------------------------------------------------
total  :             12273216 KiB
free   :              4604260 KiB
buffers:               114028 KiB
cached :              2115980 KiB


--------------------------------------------------------------------------------
vm0: 343.5 107.59765625
vm1: 347.61328125 111.6328125
vm2: 1151.84765625 310.63671875
vm3: 1130.41796875 291.09765625
--------------------------------------------------------------------------------
total  :             12273216 KiB
free   :              4604092 KiB
buffers:               114036 KiB
cached :              2115980 KiB


--------------------------------------------------------------------------------
vm0: 343.5 107.59765625
vm1: 347.61328125 111.6328125
vm2: 1151.84765625 295.2578125
vm3: 1198.2421875 275.71875
--------------------------------------------------------------------------------
total  :             12273216 KiB
free   :              4548496 KiB
buffers:               114036 KiB
cached :              2115980 KiB


--------------------------------------------------------------------------------
vm0: 343.5 107.59765625
vm1: 347.61328125 111.6328125
vm2: 1220.9609375 348.66015625
vm3: 1198.2421875 327.91015625
--------------------------------------------------------------------------------
total  :             12273216 KiB
free   :              4489364 KiB
buffers:               114044 KiB
cached :              2115972 KiB


--------------------------------------------------------------------------------
vm0: 343.5 107.59765625
vm1: 347.61328125 111.6328125
vm2: 1220.9609375 332.828125
vm3: 1198.2421875 312.046875
--------------------------------------------------------------------------------
total  :             12273216 KiB
free   :              4488852 KiB
buffers:               114044 KiB
cached :              2115984 KiB


--------------------------------------------------------------------------------
vm0: 343.5 107.59765625
vm1: 347.61328125 111.6328125
vm2: 1220.9609375 317.20703125
vm3: 1270.13671875 296.66796875
--------------------------------------------------------------------------------
total  :             12273216 KiB
free   :              4458184 KiB
buffers:               114044 KiB
cached :              2115984 KiB


--------------------------------------------------------------------------------
vm0: 343.5 107.59765625
vm1: 347.61328125 111.6328125
vm2: 1294.21875 301.5859375
vm3: 1270.13671875 353.0
--------------------------------------------------------------------------------
total  :             12273216 KiB
free   :              4418732 KiB
buffers:               114052 KiB
cached :              2115984 KiB


--------------------------------------------------------------------------------
vm0: 343.5 107.59765625
vm1: 347.61328125 111.6328125
vm2: 1294.21875 359.40625
vm3: 1270.13671875 337.76953125
--------------------------------------------------------------------------------
total  :             12273216 KiB
free   :              4407708 KiB
buffers:               114052 KiB
cached :              2115984 KiB


--------------------------------------------------------------------------------
vm0: 343.5 107.59765625
vm1: 347.61328125 111.6328125
vm2: 1294.21875 344.08203125
vm3: 1270.13671875 322.21484375
--------------------------------------------------------------------------------
total  :             12273216 KiB
free   :              4400176 KiB
buffers:               114052 KiB
cached :              2115988 KiB


--------------------------------------------------------------------------------
vm0: 343.5 107.59765625
vm1: 347.61328125 111.6328125
vm2: 1294.21875 328.609375
vm3: 1346.34765625 382.67578125
--------------------------------------------------------------------------------
total  :             12273216 KiB
free   :              4355432 KiB
buffers:               114052 KiB
cached :              2115988 KiB


--------------------------------------------------------------------------------
vm0: 343.5 107.59765625
vm1: 347.61328125 111.6328125
vm2: 1371.87109375 390.28515625
vm3: 1346.34765625 366.8671875
--------------------------------------------------------------------------------
total  :             12273216 KiB
free   :              4307472 KiB
buffers:               114060 KiB
cached :              2115988 KiB


--------------------------------------------------------------------------------
vm0: 343.5 107.59765625
vm1: 347.61328125 111.6328125
vm2: 1371.87109375 374.8125
vm3: 1346.34765625 351.2734375
--------------------------------------------------------------------------------
total  :             12273216 KiB
free   :              4299340 KiB
buffers:               114060 KiB
cached :              2115988 KiB


--------------------------------------------------------------------------------
vm0: 343.5 107.59765625
vm1: 347.61328125 111.6328125
vm2: 1371.87109375 359.4609375
vm3: 1427.12890625 335.80078125
--------------------------------------------------------------------------------
total  :             12273216 KiB
free   :              4250016 KiB
buffers:               114060 KiB
cached :              2115988 KiB


--------------------------------------------------------------------------------
vm0: 343.5 107.62890625
vm1: 347.61328125 111.6640625
vm2: 1371.87109375 343.89453125
vm3: 1427.12890625 400.8203125
--------------------------------------------------------------------------------
total  :             12273216 KiB
free   :              4241832 KiB
buffers:               114068 KiB
cached :              2115988 KiB


--------------------------------------------------------------------------------
vm0: 343.5 107.62890625
vm1: 347.61328125 111.6640625
vm2: 1454.18359375 410.42578125
vm3: 1427.12890625 385.46875
--------------------------------------------------------------------------------
total  :             12273216 KiB
free   :              4183504 KiB
buffers:               114068 KiB
cached :              2115988 KiB


--------------------------------------------------------------------------------
vm0: 343.5 107.62890625
vm1: 347.61328125 111.6640625
vm2: 1454.18359375 394.49609375
vm3: 1427.12890625 369.5390625
--------------------------------------------------------------------------------
total  :             12273216 KiB
free   :              4177924 KiB
buffers:               114068 KiB
cached :              2115988 KiB


--------------------------------------------------------------------------------
vm0: 343.5 107.62890625
vm1: 347.61328125 111.6640625
vm2: 1454.18359375 379.5078125
vm3: 1512.7578125 354.55078125
--------------------------------------------------------------------------------
total  :             12273216 KiB
free   :              4132808 KiB
buffers:               114076 KiB
cached :              2115988 KiB


--------------------------------------------------------------------------------
vm0: 343.5 107.62890625
vm1: 347.61328125 111.6640625
vm2: 1454.18359375 364.18359375
vm3: 1512.7578125 424.6796875
--------------------------------------------------------------------------------
total  :             12273216 KiB
free   :              4124616 KiB
buffers:               114076 KiB
cached :              2115988 KiB


--------------------------------------------------------------------------------
vm0: 343.5 107.62890625
vm1: 347.61328125 111.6640625
vm2: 1541.4375 435.41015625
vm3: 1512.7578125 408.96484375
--------------------------------------------------------------------------------
total  :             12273216 KiB
free   :              4079956 KiB
buffers:               114084 KiB
cached :              2115992 KiB


--------------------------------------------------------------------------------
vm0: 343.5 107.62890625
vm1: 347.61328125 111.6640625
vm2: 1541.4375 420.05859375
vm3: 1512.7578125 393.61328125
--------------------------------------------------------------------------------
total  :             12273216 KiB
free   :              4072764 KiB
buffers:               114084 KiB
cached :              2115992 KiB


--------------------------------------------------------------------------------
vm0: 343.5 107.62890625
vm1: 347.61328125 111.6640625
vm2: 1541.4375 404.61328125
vm3: 1603.5234375 378.046875
--------------------------------------------------------------------------------
total  :             12273216 KiB
free   :              3995996 KiB
buffers:               114084 KiB
cached :              2115992 KiB


--------------------------------------------------------------------------------
vm0: 343.5 107.62890625
vm1: 347.61328125 111.6640625
vm2: 1541.4375 388.65625
vm3: 1603.5234375 452.69140625
--------------------------------------------------------------------------------
total  :             12273216 KiB
free   :              3990912 KiB
buffers:               114084 KiB
cached :              2115992 KiB


--------------------------------------------------------------------------------
vm0: 343.5 107.62890625
vm1: 347.61328125 111.6640625
vm2: 1633.92578125 465.62890625
vm3: 1603.5234375 437.3671875
--------------------------------------------------------------------------------
total  :             12273216 KiB
free   :              3910608 KiB
buffers:               114084 KiB
cached :              2115992 KiB


--------------------------------------------------------------------------------
vm0: 343.5 107.62890625
vm1: 347.61328125 111.6640625
vm2: 1633.92578125 450.27734375
vm3: 1603.5234375 422.015625
--------------------------------------------------------------------------------
total  :             12273216 KiB
free   :              3909260 KiB
buffers:               114092 KiB
cached :              2115992 KiB


--------------------------------------------------------------------------------
vm0: 343.5 107.62890625
vm1: 347.61328125 111.6640625
vm2: 1633.92578125 434.5625
vm3: 1603.5234375 406.30078125
--------------------------------------------------------------------------------
total  :             12273216 KiB
free   :              3906888 KiB
buffers:               114092 KiB
cached :              2115992 KiB


--------------------------------------------------------------------------------
vm0: 343.5 107.62890625
vm1: 347.61328125 111.6640625
vm2: 1633.92578125 419.1484375
vm3: 1699.734375 486.63671875
--------------------------------------------------------------------------------
total  :             12273216 KiB
free   :              3843836 KiB
buffers:               114092 KiB
cached :              2115992 KiB


--------------------------------------------------------------------------------
vm0: 343.5 107.62890625
vm1: 347.61328125 111.6640625
vm2: 1731.9609375 493.55078125
vm3: 1699.734375 463.19921875
--------------------------------------------------------------------------------
total  :             12273216 KiB
free   :              3762088 KiB
buffers:               114096 KiB
cached :              2115992 KiB


--------------------------------------------------------------------------------
vm0: 343.5 107.62890625
vm1: 347.61328125 111.6640625
vm2: 1731.9609375 477.5
vm3: 1699.734375 447.1484375
--------------------------------------------------------------------------------
total  :             12273216 KiB
free   :              3758376 KiB
buffers:               114096 KiB
cached :              2115996 KiB


--------------------------------------------------------------------------------
vm0: 343.5 107.62890625
vm1: 347.61328125 111.6640625
vm2: 1731.9609375 461.90625
vm3: 1699.734375 431.43359375
--------------------------------------------------------------------------------
total  :             12273216 KiB
free   :              3756756 KiB
buffers:               114096 KiB
cached :              2115996 KiB


--------------------------------------------------------------------------------
vm0: 343.5 107.62890625
vm1: 347.61328125 111.6640625
vm2: 1731.9609375 446.5546875
vm3: 1801.71875 518.28125
--------------------------------------------------------------------------------
total  :             12273216 KiB
free   :              3668888 KiB
buffers:               114108 KiB
cached :              2115996 KiB


--------------------------------------------------------------------------------
vm0: 343.5 107.62890625
vm1: 347.61328125 111.6640625
vm2: 1731.9609375 430.8671875
vm3: 1801.71875 502.59375
--------------------------------------------------------------------------------
total  :             12273216 KiB
free   :              3667276 KiB
buffers:               114108 KiB
cached :              2115996 KiB


--------------------------------------------------------------------------------
vm0: 343.5 107.62890625
vm1: 347.61328125 111.6640625
vm2: 1835.87890625 519.2890625
vm3: 1801.71875 486.7578125
--------------------------------------------------------------------------------
total  :             12273216 KiB
free   :              3578416 KiB
buffers:               114108 KiB
cached :              2115996 KiB


--------------------------------------------------------------------------------
vm0: 343.5 107.62890625
vm1: 347.61328125 111.6640625
vm2: 1835.87890625 503.48046875
vm3: 1801.71875 471.0703125
--------------------------------------------------------------------------------
total  :             12273216 KiB
free   :              3578140 KiB
buffers:               114108 KiB
cached :              2115996 KiB


--------------------------------------------------------------------------------
vm0: 343.5 107.62890625
vm1: 347.61328125 111.6953125
vm2: 1835.87890625 487.40234375
vm3: 1801.71875 454.9921875
--------------------------------------------------------------------------------
total  :             12273216 KiB
free   :              3577652 KiB
buffers:               114116 KiB
cached :              2115996 KiB


--------------------------------------------------------------------------------
vm0: 343.5 107.66015625
vm1: 347.61328125 111.6953125
vm2: 1835.87890625 471.59375
vm3: 1909.82421875 547.2890625
--------------------------------------------------------------------------------
total  :             12273216 KiB
free   :              3478976 KiB
buffers:               114116 KiB
cached :              2115996 KiB


--------------------------------------------------------------------------------
vm0: 343.5 107.66015625
vm1: 347.61328125 111.6953125
vm2: 1835.87890625 455.7578125
vm3: 1909.82421875 531.453125
--------------------------------------------------------------------------------
total  :             12273216 KiB
free   :              3478480 KiB
buffers:               114116 KiB
cached :              2115996 KiB


--------------------------------------------------------------------------------
vm0: 343.5 107.66015625
vm1: 347.61328125 111.6953125
vm2: 1946.03125 549.9375
vm3: 1909.82421875 515.73828125
--------------------------------------------------------------------------------
total  :             12273216 KiB
free   :              3388192 KiB
buffers:               114116 KiB
cached :              2116000 KiB


--------------------------------------------------------------------------------
vm0: 343.5 107.66015625
vm1: 347.61328125 111.6953125
vm2: 1946.03125 534.25
vm3: 1909.82421875 500.203125
--------------------------------------------------------------------------------
total  :             12273216 KiB
free   :              3388184 KiB
buffers:               114116 KiB
cached :              2116000 KiB


--------------------------------------------------------------------------------
vm0: 343.5 107.66015625
vm1: 347.61328125 111.6953125
vm2: 1946.03125 518.53515625
vm3: 1909.82421875 484.3671875
--------------------------------------------------------------------------------
total  :             12273216 KiB
free   :              3387696 KiB
buffers:               114116 KiB
cached :              2116000 KiB


--------------------------------------------------------------------------------
vm0: 343.5 107.66015625
vm1: 347.61328125 111.6953125
vm2: 1946.03125 502.7265625
vm3: 2024.4140625 583.0546875
--------------------------------------------------------------------------------
total  :             12273216 KiB
free   :              3310840 KiB
buffers:               114124 KiB
cached :              2116000 KiB


--------------------------------------------------------------------------------
vm0: 343.5 107.66015625
vm1: 347.61328125 111.6953125
vm2: 1946.03125 486.890625
vm3: 2024.4140625 567.21875
--------------------------------------------------------------------------------
total  :             12273216 KiB
free   :              3309864 KiB
buffers:               114124 KiB
cached :              2116000 KiB


--------------------------------------------------------------------------------
vm0: 343.5 107.66015625
vm1: 347.61328125 111.6953125
vm2: 2048.0 573.40234375
vm3: 2024.4140625 552.0234375
--------------------------------------------------------------------------------
total  :             12273216 KiB
free   :              3257852 KiB
buffers:               114124 KiB
cached :              2116000 KiB


--------------------------------------------------------------------------------
vm0: 343.5 107.66015625
vm1: 347.61328125 111.6953125
vm2: 2048.0 558.05078125
vm3: 2024.4140625 536.79296875
--------------------------------------------------------------------------------
total  :             12273216 KiB
free   :              3254884 KiB
buffers:               114124 KiB
cached :              2116000 KiB


--------------------------------------------------------------------------------
vm0: 343.5 107.66015625
vm1: 347.61328125 111.6953125
vm2: 2048.0 542.578125
vm3: 2024.4140625 521.19921875
--------------------------------------------------------------------------------
total  :             12273216 KiB
free   :              3248676 KiB
buffers:               114124 KiB
cached :              2116000 KiB


--------------------------------------------------------------------------------
vm0: 343.5 107.66015625
vm1: 347.61328125 111.6953125
vm2: 2048.0 527.375
vm3: 2024.4140625 505.6328125
--------------------------------------------------------------------------------
total  :             12273216 KiB
free   :              3244592 KiB
buffers:               114124 KiB
cached :              2116000 KiB


--------------------------------------------------------------------------------
vm0: 343.5 107.66015625
vm1: 347.61328125 111.6953125
vm2: 2048.0 511.328125
vm3: 2048.0 513.35546875
--------------------------------------------------------------------------------
total  :             12273216 KiB
free   :              3233600 KiB
buffers:               114124 KiB
cached :              2116000 KiB


--------------------------------------------------------------------------------
vm0: 343.5 107.66015625
vm1: 347.61328125 111.6953125
vm2: 2048.0 495.8828125
vm3: 2048.0 497.91015625
--------------------------------------------------------------------------------
total  :             12273216 KiB
free   :              3228524 KiB
buffers:               114132 KiB
cached :              2115996 KiB


--------------------------------------------------------------------------------
vm0: 343.5 107.66015625
vm1: 347.61328125 111.6953125
vm2: 2048.0 480.2890625
vm3: 2048.0 482.31640625
--------------------------------------------------------------------------------
total  :             12273216 KiB
free   :              3225060 KiB
buffers:               114132 KiB
cached :              2116004 KiB


--------------------------------------------------------------------------------
vm0: 343.5 107.66015625
vm1: 347.61328125 111.6953125
vm2: 2048.0 464.9375
vm3: 2048.0 467.0859375
--------------------------------------------------------------------------------
total  :             12273216 KiB
free   :              3210188 KiB
buffers:               114132 KiB
cached :              2116004 KiB


--------------------------------------------------------------------------------
vm0: 343.5 107.66015625
vm1: 347.61328125 111.6953125
vm2: 2048.0 449.25
vm3: 2048.0 451.15625
--------------------------------------------------------------------------------
total  :             12273216 KiB
free   :              3202376 KiB
buffers:               114140 KiB
cached :              2116004 KiB


--------------------------------------------------------------------------------
vm0: 343.5 107.66015625
vm1: 347.61328125 111.6953125
vm2: 2048.0 433.77734375
vm3: 2048.0 435.68359375
--------------------------------------------------------------------------------
total  :             12273216 KiB
free   :              3194232 KiB
buffers:               114140 KiB
cached :              2116004 KiB


--------------------------------------------------------------------------------
vm0: 343.5 107.66015625
vm1: 347.61328125 111.6953125
vm2: 2048.0 418.57421875
vm3: 2048.0 420.23828125
--------------------------------------------------------------------------------
total  :             12273216 KiB
free   :              3187420 KiB
buffers:               114140 KiB
cached :              2116004 KiB


--------------------------------------------------------------------------------
vm0: 343.5 107.66015625
vm1: 347.61328125 111.6953125
vm2: 2048.0 403.34375
vm3: 2048.0 404.88671875
--------------------------------------------------------------------------------
total  :             12273216 KiB
free   :              3171816 KiB
buffers:               114140 KiB
cached :              2116004 KiB


--------------------------------------------------------------------------------
vm0: 343.5 107.66015625
vm1: 347.61328125 111.6953125
vm2: 2048.0 387.38671875
vm3: 2048.0 388.80859375
--------------------------------------------------------------------------------
total  :             12273216 KiB
free   :              3138500 KiB
buffers:               114140 KiB
cached :              2116004 KiB


--------------------------------------------------------------------------------
vm0: 343.5 107.66015625
vm1: 347.61328125 111.7265625
vm2: 2048.0 371.69921875
vm3: 2048.0 373.2421875
--------------------------------------------------------------------------------
total  :             12273216 KiB
free   :              3106856 KiB
buffers:               114140 KiB
cached :              2116004 KiB


--------------------------------------------------------------------------------
vm0: 343.5 107.69140625
vm1: 347.61328125 111.7265625
vm2: 2048.0 355.86328125
vm3: 2048.0 357.6484375
--------------------------------------------------------------------------------
total  :             12273216 KiB
free   :              3073592 KiB
buffers:               114140 KiB
cached :              2116004 KiB


--------------------------------------------------------------------------------
vm0: 343.5 107.69140625
vm1: 347.61328125 111.7265625
vm2: 2048.0 340.0546875
vm3: 2048.0 341.83984375
--------------------------------------------------------------------------------
total  :             12273216 KiB
free   :              3040356 KiB
buffers:               114140 KiB
cached :              2116008 KiB


--------------------------------------------------------------------------------
vm0: 343.5 107.69140625
vm1: 347.61328125 111.7265625
vm2: 2048.0 324.22265625
vm3: 2048.0 326.125
--------------------------------------------------------------------------------
total  :             12273216 KiB
free   :              3006604 KiB
buffers:               114140 KiB
cached :              2116008 KiB


--------------------------------------------------------------------------------
vm0: 343.5 107.69140625
vm1: 347.61328125 111.7265625
vm2: 2048.0 308.65625
vm3: 2048.0 310.2265625
--------------------------------------------------------------------------------
total  :             12273216 KiB
free   :              2977812 KiB
buffers:               114140 KiB
cached :              2116008 KiB


--------------------------------------------------------------------------------
vm0: 343.5 107.69140625
vm1: 347.61328125 111.7265625
vm2: 2048.0 293.3046875
vm3: 2048.0 295.06640625
--------------------------------------------------------------------------------
total  :             12273216 KiB
free   :              2943764 KiB
buffers:               114148 KiB
cached :              2116008 KiB


--------------------------------------------------------------------------------
vm0: 343.5 107.69140625
vm1: 347.61328125 111.7265625
vm2: 2048.0 277.79296875
vm3: 2048.0 279.4453125
--------------------------------------------------------------------------------
total  :             12273216 KiB
free   :              2912408 KiB
buffers:               114148 KiB
cached :              2116008 KiB


--------------------------------------------------------------------------------
vm0: 343.5 107.69140625
vm1: 347.61328125 111.7265625
vm2: 2048.0 254.30078125
vm3: 2048.0 255.953125
--------------------------------------------------------------------------------
total  :             12273216 KiB
free   :              2879656 KiB
buffers:               114148 KiB
cached :              2116008 KiB


--------------------------------------------------------------------------------
vm0: 343.5 107.69140625
vm1: 347.61328125 111.7265625
vm2: 2048.0 238.31640625
vm3: 2048.0 240.2109375
--------------------------------------------------------------------------------
total  :             12273216 KiB
free   :              2847012 KiB
buffers:               114148 KiB
cached :              2116008 KiB


--------------------------------------------------------------------------------
vm0: 343.5 107.69140625
vm1: 347.61328125 111.7265625
vm2: 2048.0 223.05859375
vm3: 2048.0 224.7109375
--------------------------------------------------------------------------------
total  :             12273216 KiB
free   :              2813876 KiB
buffers:               114148 KiB
cached :              2116008 KiB


--------------------------------------------------------------------------------
vm0: 343.5 107.69140625
vm1: 347.61328125 111.7265625
vm2: 2048.0 207.34765625
vm3: 2048.0 208.84765625
--------------------------------------------------------------------------------
total  :             12273216 KiB
free   :              2780756 KiB
buffers:               114148 KiB
cached :              2116008 KiB


--------------------------------------------------------------------------------
vm0: 343.5 107.69140625
vm1: 347.61328125 111.7265625
vm2: 2048.0 191.7265625
vm3: 2048.0 193.34765625
--------------------------------------------------------------------------------
total  :             12273216 KiB
free   :              2747760 KiB
buffers:               114148 KiB
cached :              2116008 KiB


--------------------------------------------------------------------------------
vm0: 343.5 107.69140625
vm1: 347.61328125 111.7265625
vm2: 2048.0 176.10546875
vm3: 2048.0 177.84765625
--------------------------------------------------------------------------------
total  :             12273216 KiB
free   :              2715024 KiB
buffers:               114148 KiB
cached :              2116012 KiB


--------------------------------------------------------------------------------
vm0: 343.5 107.69140625
vm1: 347.61328125 111.7265625
vm2: 2048.0 160.484375
vm3: 2048.0 162.10546875
--------------------------------------------------------------------------------
total  :             12273216 KiB
free   :              2682144 KiB
buffers:               114148 KiB
cached :              2116012 KiB


--------------------------------------------------------------------------------
vm0: 343.5 107.69140625
vm1: 347.61328125 111.7265625
vm2: 2048.0 144.86328125
vm3: 2048.0 146.36328125
--------------------------------------------------------------------------------
total  :             12273216 KiB
free   :              2651176 KiB
buffers:               114156 KiB
cached :              2116012 KiB


--------------------------------------------------------------------------------
vm0: 343.5 107.69140625
vm1: 347.61328125 111.7265625
vm2: 2048.0 128.87890625
vm3: 2048.0 130.5
--------------------------------------------------------------------------------
total  :             12273216 KiB
free   :              2616500 KiB
buffers:               114156 KiB
cached :              2116012 KiB


--------------------------------------------------------------------------------
vm0: 343.5 107.72265625
vm1: 347.61328125 111.7265625
vm2: 2048.0 113.37890625
vm3: 2048.0 115.0
--------------------------------------------------------------------------------
total  :             12273216 KiB
free   :              2586084 KiB
buffers:               114156 KiB
cached :              2116012 KiB


--------------------------------------------------------------------------------
vm0: 343.5 107.72265625
vm1: 347.61328125 111.7578125
vm2: 2048.0 97.87890625
vm3: 2048.0 99.37890625
--------------------------------------------------------------------------------
total  :             12273216 KiB
free   :              2555000 KiB
buffers:               114156 KiB
cached :              2116012 KiB


--------------------------------------------------------------------------------
vm0: 343.5 107.72265625
vm1: 347.61328125 111.7578125
vm2: 2048.0 82.015625
vm3: 2048.0 83.2734375
--------------------------------------------------------------------------------
total  :             12273216 KiB
free   :              2520504 KiB
buffers:               114156 KiB
cached :              2116012 KiB


--------------------------------------------------------------------------------
vm0: 343.5 107.72265625
vm1: 347.61328125 111.7578125
vm2: 2048.0 66.39453125
vm3: 2048.0 67.89453125
--------------------------------------------------------------------------------
total  :             12273216 KiB
free   :              2490032 KiB
buffers:               114156 KiB
cached :              2116016 KiB


--------------------------------------------------------------------------------
vm0: 343.5 107.72265625
vm1: 347.61328125 111.7578125
vm2: 2048.0 64.61328125
vm3: 2048.0 65.74609375
--------------------------------------------------------------------------------
total  :             12273216 KiB
free   :              2483736 KiB
buffers:               114156 KiB
cached :              2116016 KiB


--------------------------------------------------------------------------------
vm0: 343.5 107.72265625
vm1: 347.61328125 111.7578125
vm2: 2048.0 81.9453125
vm3: 2048.0 82.45703125
--------------------------------------------------------------------------------
total  :             12273216 KiB
free   :              2483568 KiB
buffers:               114164 KiB
cached :              2116016 KiB


--------------------------------------------------------------------------------
vm0: 343.5 107.72265625
vm1: 347.61328125 111.7578125
vm2: 2048.0 65.828125
vm3: 2048.0 66.72265625
--------------------------------------------------------------------------------
total  :             12273216 KiB
free   :              2483064 KiB
buffers:               114164 KiB
cached :              2116020 KiB


--------------------------------------------------------------------------------
vm0: 343.5 107.72265625
vm1: 347.61328125 111.7578125
vm2: 2048.0 63.53515625
vm3: 2048.0 64.72265625
--------------------------------------------------------------------------------
total  :             12273216 KiB
free   :              2482932 KiB
buffers:               114164 KiB
cached :              2116020 KiB


--------------------------------------------------------------------------------
vm0: 343.5 107.53515625
vm1: 347.61328125 111.5703125
vm2: 2048.0 73.9296875
vm3: 2048.0 63.3828125
--------------------------------------------------------------------------------
total  :             12273216 KiB
free   :              2479216 KiB
buffers:               114172 KiB
cached :              2116012 KiB


--------------------------------------------------------------------------------
vm0: 343.5 107.53515625
vm1: 347.61328125 111.5703125
vm2: 2048.0 71.12109375
vm3: 2048.0 72.85546875
--------------------------------------------------------------------------------
total  :             12273216 KiB
free   :              2475276 KiB
buffers:               114172 KiB
cached :              2116020 KiB


--------------------------------------------------------------------------------
vm0: 343.5 107.53515625
vm1: 347.61328125 111.5703125
vm2: 2048.0 69.00390625
vm3: 2048.0 70.98046875
--------------------------------------------------------------------------------
total  :             12273216 KiB
free   :              2470984 KiB
buffers:               114172 KiB
cached :              2116020 KiB


--------------------------------------------------------------------------------
vm0: 343.5 107.53515625
vm1: 347.61328125 111.5703125
vm2: 1696.84375 1574.10546875
vm3: 2042.0 1921.40234375
--------------------------------------------------------------------------------
total  :             12273216 KiB
free   :              2735352 KiB
buffers:               114180 KiB
cached :              2116020 KiB


--------------------------------------------------------------------------------
vm0: 343.5 107.53515625
vm1: 347.61328125 111.5703125
vm2: 234.5546875 307.12109375
vm3: 341.40234375 711.875
--------------------------------------------------------------------------------
total  :             12273216 KiB
free   :              6088960 KiB
buffers:               114180 KiB
cached :              2116020 KiB


--------------------------------------------------------------------------------
vm0: 343.5 107.55078125
vm1: 347.61328125 111.5859375
vm2: 154.32421875 52.140625
vm3: 157.58984375 51.5546875
--------------------------------------------------------------------------------
total  :             12273216 KiB
free   :              6317636 KiB
buffers:               114188 KiB
cached :              2116148 KiB


--------------------------------------------------------------------------------
vm0: 343.5 107.55078125
vm1: 347.61328125 111.5859375
vm2: 138.171875 64.50390625
vm3: 138.35546875 51.80078125
--------------------------------------------------------------------------------
total  :             12273216 KiB
free   :              6358276 KiB
buffers:               114196 KiB
cached :              2116148 KiB


--------------------------------------------------------------------------------
vm0: 343.5 107.55078125
vm1: 347.61328125 111.5859375
vm2: 138.171875 64.50390625
vm3: 138.35546875 51.80078125
--------------------------------------------------------------------------------
total  :             12273216 KiB
free   :              6358692 KiB
buffers:               114196 KiB
cached :              2116148 KiB


--------------------------------------------------------------------------------
vm0: 343.5 107.55078125
vm1: 347.61328125 111.5859375
vm2: 138.171875 64.50390625
vm3: 138.35546875 51.80078125
--------------------------------------------------------------------------------
total  :             12273216 KiB
free   :              6358080 KiB
buffers:               114204 KiB
cached :              2116152 KiB


--------------------------------------------------------------------------------
vm0: 343.5 107.55078125
vm1: 347.61328125 111.5859375
vm2: 138.171875 64.50390625
vm3: 138.35546875 51.80078125
--------------------------------------------------------------------------------
total  :             12273216 KiB
free   :              6358276 KiB
buffers:               114204 KiB
cached :              2116152 KiB


--------------------------------------------------------------------------------
vm0: 343.5 107.55078125
vm1: 347.61328125 111.5859375
vm2: 138.171875 64.50390625
vm3: 138.35546875 51.80078125
--------------------------------------------------------------------------------
total  :             12273216 KiB
free   :              6358080 KiB
buffers:               114212 KiB
cached :              2116152 KiB


--------------------------------------------------------------------------------
vm0: 343.5 107.55078125
vm1: 347.61328125 111.5859375
vm2: 138.171875 64.50390625
vm3: 138.35546875 51.80078125
--------------------------------------------------------------------------------
total  :             12273216 KiB
free   :              6356156 KiB
buffers:               114212 KiB
cached :              2116152 KiB


--------------------------------------------------------------------------------

