Script started on 2018-10-01 09:29:40-0700
]0;dand@ubuntu: ~/gt_omscs/cs6210_advos/projects/1/test/cpu[01;32mdand@ubuntu[00m:[01;34m~/gt_omscs/cs6210_advos/projects/1/test/cpu[00m$ ./monitor.py 
vm0: ([(0, 1, 21500000000L, 2)], [(True, True, True, True)])
vm1: ([(0, 1, 21390000000L, 2)], [(True, True, True, True)])
vm2: ([(0, 1, 21090000000L, 0)], [(True, True, True, True)])
vm3: ([(0, 1, 21530000000L, 0)], [(True, True, True, True)])
vm4: ([(0, 1, 21150000000L, 2)], [(True, True, True, True)])
vm5: ([(0, 1, 20930000000L, 0)], [(True, True, True, True)])
vm6: ([(0, 1, 21040000000L, 2)], [(True, True, True, True)])
vm7: ([(0, 1, 20570000000L, 3)], [(True, True, True, True)])
--------------------------------------------------------------------------------
0: 0.0 []
1: 0.0 []
2: 0.0 []
3: 0.0 []
--------------------------------------------------------------------------------
vm0: ([(0, 1, 21500000000L, 3)], [(True, True, True, True)])
vm1: ([(0, 1, 21390000000L, 3)], [(True, True, True, True)])
vm2: ([(0, 1, 21090000000L, 1)], [(True, True, True, True)])
vm3: ([(0, 1, 21530000000L, 1)], [(True, True, True, True)])
vm4: ([(0, 1, 21160000000L, 3)], [(True, True, True, True)])
vm5: ([(0, 1, 20940000000L, 0)], [(True, True, True, True)])
vm6: ([(0, 1, 21040000000L, 1)], [(True, True, True, True)])
vm7: ([(0, 1, 20570000000L, 3)], [(True, True, True, True)])
--------------------------------------------------------------------------------
0: 1.0 ['vm5']
1: 0.0 ['vm2', 'vm3', 'vm6']
2: 0.0 []
3: 1.0 ['vm0', 'vm1', 'vm4', 'vm7']
--------------------------------------------------------------------------------
vm0: ([(0, 1, 21510000000L, 3)], [(True, True, True, True)])
vm1: ([(0, 1, 21390000000L, 3)], [(True, True, True, True)])
vm2: ([(0, 1, 21090000000L, 0)], [(True, True, True, True)])
vm3: ([(0, 1, 21540000000L, 0)], [(True, True, True, True)])
vm4: ([(0, 1, 21160000000L, 2)], [(True, True, True, True)])
vm5: ([(0, 1, 20940000000L, 1)], [(True, True, True, True)])
vm6: ([(0, 1, 21040000000L, 1)], [(True, True, True, True)])
vm7: ([(0, 1, 20570000000L, 3)], [(True, True, True, True)])
--------------------------------------------------------------------------------
0: 1.0 ['vm2', 'vm3']
1: 0.0 ['vm5', 'vm6']
2: 0.0 ['vm4']
3: 1.0 ['vm0', 'vm1', 'vm7']
--------------------------------------------------------------------------------
vm0: ([(0, 1, 21510000000L, 1)], [(True, True, True, True)])
vm1: ([(0, 1, 21390000000L, 2)], [(True, True, True, True)])
vm2: ([(0, 1, 21090000000L, 0)], [(True, True, True, True)])
vm3: ([(0, 1, 21540000000L, 0)], [(True, True, True, True)])
vm4: ([(0, 1, 21170000000L, 2)], [(True, True, True, True)])
vm5: ([(0, 1, 20940000000L, 3)], [(True, True, True, True)])
vm6: ([(0, 1, 21040000000L, 0)], [(True, True, True, True)])
vm7: ([(0, 1, 20580000000L, 1)], [(True, True, True, True)])
--------------------------------------------------------------------------------
0: 0.0 ['vm2', 'vm3', 'vm6']
1: 1.0 ['vm0', 'vm7']
2: 1.0 ['vm1', 'vm4']
3: 0.0 ['vm5']
--------------------------------------------------------------------------------
vm0: ([(0, 1, 21520000000L, 0)], [(True, True, True, True)])
vm1: ([(0, 1, 21390000000L, 3)], [(True, True, True, True)])
vm2: ([(0, 1, 21090000000L, 0)], [(True, True, True, True)])
vm3: ([(0, 1, 21540000000L, 0)], [(True, True, True, True)])
vm4: ([(0, 1, 21170000000L, 2)], [(True, True, True, True)])
vm5: ([(0, 1, 20940000000L, 3)], [(True, True, True, True)])
vm6: ([(0, 1, 21040000000L, 0)], [(True, True, True, True)])
vm7: ([(0, 1, 20580000000L, 2)], [(True, True, True, True)])
--------------------------------------------------------------------------------
0: 1.0 ['vm0', 'vm2', 'vm3', 'vm6']
1: 0.0 []
2: 0.0 ['vm4', 'vm7']
3: 0.0 ['vm1', 'vm5']
--------------------------------------------------------------------------------
vm0: ([(0, 1, 21520000000L, 1)], [(True, True, True, True)])
vm1: ([(0, 1, 21390000000L, 1)], [(True, True, True, True)])
vm2: ([(0, 1, 21090000000L, 1)], [(True, True, True, True)])
vm3: ([(0, 1, 21540000000L, 2)], [(True, True, True, True)])
vm4: ([(0, 1, 21170000000L, 1)], [(True, True, True, True)])
vm5: ([(0, 1, 20950000000L, 2)], [(True, True, True, True)])
vm6: ([(0, 1, 21040000000L, 2)], [(True, True, True, True)])
vm7: ([(0, 1, 20580000000L, 2)], [(True, True, True, True)])
--------------------------------------------------------------------------------
0: 0.0 []
1: 0.0 ['vm0', 'vm1', 'vm2', 'vm4']
2: 1.0 ['vm3', 'vm5', 'vm6', 'vm7']
3: 0.0 []
--------------------------------------------------------------------------------
vm0: ([(0, 1, 21520000000L, 1)], [(True, True, True, True)])
vm1: ([(0, 1, 21390000000L, 1)], [(True, True, True, True)])
vm2: ([(0, 1, 21090000000L, 1)], [(True, True, True, True)])
vm3: ([(0, 1, 21540000000L, 3)], [(True, True, True, True)])
vm4: ([(0, 1, 21170000000L, 0)], [(True, True, True, True)])
vm5: ([(0, 1, 20950000000L, 2)], [(True, True, True, True)])
vm6: ([(0, 1, 21050000000L, 2)], [(True, True, True, True)])
vm7: ([(0, 1, 20590000000L, 1)], [(True, True, True, True)])
--------------------------------------------------------------------------------
0: 0.0 ['vm4']
1: 1.0 ['vm0', 'vm1', 'vm2', 'vm7']
2: 1.0 ['vm5', 'vm6']
3: 0.0 ['vm3']
--------------------------------------------------------------------------------
vm0: ([(0, 1, 21600000000L, 2)], [(True, True, True, True)])
vm1: ([(0, 1, 21500000000L, 0)], [(True, True, True, True)])
vm2: ([(0, 1, 21160000000L, 3)], [(True, True, True, True)])
vm3: ([(0, 1, 21620000000L, 2)], [(True, True, True, True)])
vm4: ([(0, 1, 21250000000L, 1)], [(True, True, True, True)])
vm5: ([(0, 1, 21000000000L, 3)], [(True, True, True, True)])
vm6: ([(0, 1, 21120000000L, 1)], [(True, True, True, True)])
vm7: ([(0, 1, 20640000000L, 2)], [(True, True, True, True)])
--------------------------------------------------------------------------------
0: 11.0 ['vm1']
1: 15.0 ['vm4', 'vm6']
2: 21.0 ['vm0', 'vm3', 'vm7']
3: 12.0 ['vm2', 'vm5']
--------------------------------------------------------------------------------
vm0: ([(0, 1, 22060000000L, 2)], [(True, True, True, True)])
vm1: ([(0, 1, 21950000000L, 1)], [(True, True, True, True)])
vm2: ([(0, 1, 21590000000L, 2)], [(True, True, True, True)])
vm3: ([(0, 1, 22060000000L, 0)], [(True, True, True, True)])
vm4: ([(0, 1, 21550000000L, 3)], [(True, True, True, True)])
vm5: ([(0, 1, 21290000000L, 0)], [(True, True, True, True)])
vm6: ([(0, 1, 21430000000L, 3)], [(True, True, True, True)])
vm7: ([(0, 1, 20950000000L, 1)], [(True, True, True, True)])
--------------------------------------------------------------------------------
0: 73.0 ['vm3', 'vm5']
1: 76.0 ['vm1', 'vm7']
2: 89.0 ['vm0', 'vm2']
3: 61.0 ['vm4', 'vm6']
--------------------------------------------------------------------------------
vm0: ([(0, 1, 22520000000L, 1)], [(True, True, True, True)])
vm1: ([(0, 1, 22410000000L, 0)], [(True, True, True, True)])
vm2: ([(0, 1, 22070000000L, 3)], [(True, True, True, True)])
vm3: ([(0, 1, 22510000000L, 3)], [(True, True, True, True)])
vm4: ([(0, 1, 21710000000L, 0)], [(True, True, True, True)])
vm5: ([(0, 1, 21460000000L, 2)], [(True, True, True, True)])
vm6: ([(0, 1, 21590000000L, 2)], [(True, True, True, True)])
vm7: ([(0, 1, 21120000000L, 2)], [(True, True, True, True)])
--------------------------------------------------------------------------------
0: 62.0 ['vm1', 'vm4']
1: 46.0 ['vm0']
2: 50.0 ['vm5', 'vm6', 'vm7']
3: 93.0 ['vm2', 'vm3']
--------------------------------------------------------------------------------
vm0: ([(0, 1, 22980000000L, 2)], [(True, True, True, True)])
vm1: ([(0, 1, 22880000000L, 1)], [(True, True, True, True)])
vm2: ([(0, 1, 22530000000L, 0)], [(True, True, True, True)])
vm3: ([(0, 1, 22970000000L, 3)], [(True, True, True, True)])
vm4: ([(0, 1, 21880000000L, 1)], [(True, True, True, True)])
vm5: ([(0, 1, 21630000000L, 2)], [(True, True, True, True)])
vm6: ([(0, 1, 21770000000L, 3)], [(True, True, True, True)])
vm7: ([(0, 1, 21280000000L, 0)], [(True, True, True, True)])
--------------------------------------------------------------------------------
0: 62.0 ['vm2', 'vm7']
1: 64.0 ['vm1', 'vm4']
2: 63.0 ['vm0', 'vm5']
3: 64.0 ['vm3', 'vm6']
--------------------------------------------------------------------------------
vm0: ([(0, 1, 23420000000L, 2)], [(False, False, True, False)])
vm1: ([(0, 1, 23310000000L, 0)], [(True, False, False, False)])
vm2: ([(0, 1, 22960000000L, 1)], [(False, True, False, False)])
vm3: ([(0, 1, 23400000000L, 3)], [(False, False, False, True)])
vm4: ([(0, 1, 22040000000L, 2)], [(False, False, True, False)])
vm5: ([(0, 1, 21800000000L, 1)], [(False, True, False, False)])
vm6: ([(0, 1, 21920000000L, 3)], [(False, False, False, True)])
vm7: ([(0, 1, 21440000000L, 0)], [(True, False, False, False)])
--------------------------------------------------------------------------------
0: 59.0 ['vm1', 'vm7']
1: 60.0 ['vm2', 'vm5']
2: 60.0 ['vm0', 'vm4']
3: 58.0 ['vm3', 'vm6']
--------------------------------------------------------------------------------
vm0: ([(0, 1, 23830000000L, 2)], [(False, False, True, False)])
vm1: ([(0, 1, 23730000000L, 0)], [(True, False, False, False)])
vm2: ([(0, 1, 23380000000L, 1)], [(False, True, False, False)])
vm3: ([(0, 1, 23820000000L, 3)], [(False, False, False, True)])
vm4: ([(0, 1, 22210000000L, 2)], [(False, False, True, False)])
vm5: ([(0, 1, 21960000000L, 1)], [(False, True, False, False)])
vm6: ([(0, 1, 22090000000L, 3)], [(False, False, False, True)])
vm7: ([(0, 1, 21600000000L, 0)], [(True, False, False, False)])
--------------------------------------------------------------------------------
0: 58.0 ['vm1', 'vm7']
1: 58.0 ['vm2', 'vm5']
2: 58.0 ['vm0', 'vm4']
3: 59.0 ['vm3', 'vm6']
--------------------------------------------------------------------------------
vm0: ([(0, 1, 24260000000L, 2)], [(False, False, True, False)])
vm1: ([(0, 1, 24160000000L, 0)], [(True, False, False, False)])
vm2: ([(0, 1, 23800000000L, 1)], [(False, True, False, False)])
vm3: ([(0, 1, 24250000000L, 3)], [(False, False, False, True)])
vm4: ([(0, 1, 22360000000L, 2)], [(False, False, True, False)])
vm5: ([(0, 1, 22120000000L, 1)], [(False, True, False, False)])
vm6: ([(0, 1, 22260000000L, 3)], [(False, False, False, True)])
vm7: ([(0, 1, 21770000000L, 0)], [(True, False, False, False)])
--------------------------------------------------------------------------------
0: 60.0 ['vm1', 'vm7']
1: 58.0 ['vm2', 'vm5']
2: 58.0 ['vm0', 'vm4']
3: 60.0 ['vm3', 'vm6']
--------------------------------------------------------------------------------
vm0: ([(0, 1, 24670000000L, 2)], [(False, False, True, False)])
vm1: ([(0, 1, 24570000000L, 0)], [(True, False, False, False)])
vm2: ([(0, 1, 24220000000L, 1)], [(False, True, False, False)])
vm3: ([(0, 1, 24670000000L, 3)], [(False, False, False, True)])
vm4: ([(0, 1, 22530000000L, 2)], [(False, False, True, False)])
vm5: ([(0, 1, 22280000000L, 1)], [(False, True, False, False)])
vm6: ([(0, 1, 22420000000L, 3)], [(False, False, False, True)])
vm7: ([(0, 1, 21930000000L, 0)], [(True, False, False, False)])
--------------------------------------------------------------------------------
0: 57.0 ['vm1', 'vm7']
1: 58.0 ['vm2', 'vm5']
2: 58.0 ['vm0', 'vm4']
3: 58.0 ['vm3', 'vm6']
--------------------------------------------------------------------------------
vm0: ([(0, 1, 25100000000L, 2)], [(False, False, True, False)])
vm1: ([(0, 1, 25000000000L, 0)], [(True, False, False, False)])
vm2: ([(0, 1, 24640000000L, 1)], [(False, True, False, False)])
vm3: ([(0, 1, 25090000000L, 3)], [(False, False, False, True)])
vm4: ([(0, 1, 22690000000L, 2)], [(False, False, True, False)])
vm5: ([(0, 1, 22440000000L, 1)], [(False, True, False, False)])
vm6: ([(0, 1, 22580000000L, 3)], [(False, False, False, True)])
vm7: ([(0, 1, 22090000000L, 0)], [(True, False, False, False)])
--------------------------------------------------------------------------------
0: 59.0 ['vm1', 'vm7']
1: 58.0 ['vm2', 'vm5']
2: 59.0 ['vm0', 'vm4']
3: 58.0 ['vm3', 'vm6']
--------------------------------------------------------------------------------
vm0: ([(0, 1, 25540000000L, 2)], [(False, False, True, False)])
vm1: ([(0, 1, 25440000000L, 0)], [(True, False, False, False)])
vm2: ([(0, 1, 25080000000L, 1)], [(False, True, False, False)])
vm3: ([(0, 1, 25530000000L, 3)], [(False, False, False, True)])
vm4: ([(0, 1, 22860000000L, 2)], [(False, False, True, False)])
vm5: ([(0, 1, 22600000000L, 1)], [(False, True, False, False)])
vm6: ([(0, 1, 22750000000L, 3)], [(False, False, False, True)])
vm7: ([(0, 1, 22260000000L, 0)], [(True, False, False, False)])
--------------------------------------------------------------------------------
0: 61.0 ['vm1', 'vm7']
1: 60.0 ['vm2', 'vm5']
2: 61.0 ['vm0', 'vm4']
3: 61.0 ['vm3', 'vm6']
--------------------------------------------------------------------------------
vm0: ([(0, 1, 25970000000L, 2)], [(False, False, True, False)])
vm1: ([(0, 1, 25860000000L, 0)], [(True, False, False, False)])
vm2: ([(0, 1, 25480000000L, 1)], [(False, True, False, False)])
vm3: ([(0, 1, 25960000000L, 3)], [(False, False, False, True)])
vm4: ([(0, 1, 23030000000L, 2)], [(False, False, True, False)])
vm5: ([(0, 1, 22770000000L, 1)], [(False, True, False, False)])
vm6: ([(0, 1, 22920000000L, 3)], [(False, False, False, True)])
vm7: ([(0, 1, 22420000000L, 0)], [(True, False, False, False)])
--------------------------------------------------------------------------------
0: 58.0 ['vm1', 'vm7']
1: 57.0 ['vm2', 'vm5']
2: 60.0 ['vm0', 'vm4']
3: 60.0 ['vm3', 'vm6']
--------------------------------------------------------------------------------
vm0: ([(0, 1, 26410000000L, 2)], [(False, False, True, False)])
vm1: ([(0, 1, 26300000000L, 0)], [(True, False, False, False)])
vm2: ([(0, 1, 25920000000L, 1)], [(False, True, False, False)])
vm3: ([(0, 1, 26400000000L, 3)], [(False, False, False, True)])
vm4: ([(0, 1, 23220000000L, 2)], [(False, False, True, False)])
vm5: ([(0, 1, 22950000000L, 1)], [(False, True, False, False)])
vm6: ([(0, 1, 23110000000L, 3)], [(False, False, False, True)])
vm7: ([(0, 1, 22600000000L, 0)], [(True, False, False, False)])
--------------------------------------------------------------------------------
0: 62.0 ['vm1', 'vm7']
1: 62.0 ['vm2', 'vm5']
2: 63.0 ['vm0', 'vm4']
3: 63.0 ['vm3', 'vm6']
--------------------------------------------------------------------------------
vm0: ([(0, 1, 26830000000L, 2)], [(False, False, True, False)])
vm1: ([(0, 1, 26720000000L, 0)], [(True, False, False, False)])
vm2: ([(0, 1, 26340000000L, 1)], [(False, True, False, False)])
vm3: ([(0, 1, 26830000000L, 3)], [(False, False, False, True)])
vm4: ([(0, 1, 23380000000L, 2)], [(False, False, True, False)])
vm5: ([(0, 1, 23110000000L, 1)], [(False, True, False, False)])
vm6: ([(0, 1, 23270000000L, 3)], [(False, False, False, True)])
vm7: ([(0, 1, 22770000000L, 0)], [(True, False, False, False)])
--------------------------------------------------------------------------------
0: 59.0 ['vm1', 'vm7']
1: 58.0 ['vm2', 'vm5']
2: 58.0 ['vm0', 'vm4']
3: 59.0 ['vm3', 'vm6']
--------------------------------------------------------------------------------
vm0: ([(0, 1, 27240000000L, 2)], [(False, False, True, False)])
vm1: ([(0, 1, 27150000000L, 0)], [(True, False, False, False)])
vm2: ([(0, 1, 26770000000L, 1)], [(False, True, False, False)])
vm3: ([(0, 1, 27240000000L, 3)], [(False, False, False, True)])
vm4: ([(0, 1, 23550000000L, 2)], [(False, False, True, False)])
vm5: ([(0, 1, 23270000000L, 1)], [(False, True, False, False)])
vm6: ([(0, 1, 23440000000L, 3)], [(False, False, False, True)])
vm7: ([(0, 1, 22930000000L, 0)], [(True, False, False, False)])
--------------------------------------------------------------------------------
0: 59.0 ['vm1', 'vm7']
1: 59.0 ['vm2', 'vm5']
2: 58.0 ['vm0', 'vm4']
3: 58.0 ['vm3', 'vm6']
--------------------------------------------------------------------------------
vm0: ([(0, 1, 27670000000L, 2)], [(False, False, True, False)])
vm1: ([(0, 1, 27560000000L, 0)], [(True, False, False, False)])
vm2: ([(0, 1, 27190000000L, 1)], [(False, True, False, False)])
vm3: ([(0, 1, 27670000000L, 3)], [(False, False, False, True)])
vm4: ([(0, 1, 23710000000L, 2)], [(False, False, True, False)])
vm5: ([(0, 1, 23440000000L, 1)], [(False, True, False, False)])
vm6: ([(0, 1, 23610000000L, 3)], [(False, False, False, True)])
vm7: ([(0, 1, 23100000000L, 0)], [(True, False, False, False)])
--------------------------------------------------------------------------------
0: 58.0 ['vm1', 'vm7']
1: 59.0 ['vm2', 'vm5']
2: 59.0 ['vm0', 'vm4']
3: 60.0 ['vm3', 'vm6']
--------------------------------------------------------------------------------
vm0: ([(0, 1, 28110000000L, 2)], [(False, False, True, False)])
vm1: ([(0, 1, 28010000000L, 0)], [(True, False, False, False)])
vm2: ([(0, 1, 27620000000L, 1)], [(False, True, False, False)])
vm3: ([(0, 1, 28110000000L, 3)], [(False, False, False, True)])
vm4: ([(0, 1, 23890000000L, 2)], [(False, False, True, False)])
vm5: ([(0, 1, 23610000000L, 1)], [(False, True, False, False)])
vm6: ([(0, 1, 23780000000L, 3)], [(False, False, False, True)])
vm7: ([(0, 1, 23270000000L, 0)], [(True, False, False, False)])
--------------------------------------------------------------------------------
0: 62.0 ['vm1', 'vm7']
1: 60.0 ['vm2', 'vm5']
2: 62.0 ['vm0', 'vm4']
3: 61.0 ['vm3', 'vm6']
--------------------------------------------------------------------------------
vm0: ([(0, 1, 28550000000L, 2)], [(False, False, True, False)])
vm1: ([(0, 1, 28440000000L, 0)], [(True, False, False, False)])
vm2: ([(0, 1, 28060000000L, 1)], [(False, True, False, False)])
vm3: ([(0, 1, 28560000000L, 3)], [(False, False, False, True)])
vm4: ([(0, 1, 24070000000L, 2)], [(False, False, True, False)])
vm5: ([(0, 1, 23790000000L, 1)], [(False, True, False, False)])
vm6: ([(0, 1, 23960000000L, 3)], [(False, False, False, True)])
vm7: ([(0, 1, 23450000000L, 0)], [(True, False, False, False)])
--------------------------------------------------------------------------------
0: 61.0 ['vm1', 'vm7']
1: 62.0 ['vm2', 'vm5']
2: 62.0 ['vm0', 'vm4']
3: 63.0 ['vm3', 'vm6']
--------------------------------------------------------------------------------
vm0: ([(0, 1, 28990000000L, 2)], [(False, False, True, False)])
vm1: ([(0, 1, 28900000000L, 0)], [(True, False, False, False)])
vm2: ([(0, 1, 28500000000L, 1)], [(False, True, False, False)])
vm3: ([(0, 1, 29010000000L, 3)], [(False, False, False, True)])
vm4: ([(0, 1, 24260000000L, 2)], [(False, False, True, False)])
vm5: ([(0, 1, 23980000000L, 1)], [(False, True, False, False)])
vm6: ([(0, 1, 24150000000L, 3)], [(False, False, False, True)])
vm7: ([(0, 1, 23640000000L, 0)], [(True, False, False, False)])
--------------------------------------------------------------------------------
0: 65.0 ['vm1', 'vm7']
1: 63.0 ['vm2', 'vm5']
2: 63.0 ['vm0', 'vm4']
3: 64.0 ['vm3', 'vm6']
--------------------------------------------------------------------------------
vm0: ([(0, 1, 29440000000L, 2)], [(False, False, True, False)])
vm1: ([(0, 1, 29350000000L, 0)], [(True, False, False, False)])
vm2: ([(0, 1, 28950000000L, 1)], [(False, True, False, False)])
vm3: ([(0, 1, 29470000000L, 3)], [(False, False, False, True)])
vm4: ([(0, 1, 24460000000L, 2)], [(False, False, True, False)])
vm5: ([(0, 1, 24170000000L, 1)], [(False, True, False, False)])
vm6: ([(0, 1, 24350000000L, 3)], [(False, False, False, True)])
vm7: ([(0, 1, 23840000000L, 0)], [(True, False, False, False)])
--------------------------------------------------------------------------------
0: 65.0 ['vm1', 'vm7']
1: 64.0 ['vm2', 'vm5']
2: 65.0 ['vm0', 'vm4']
3: 66.0 ['vm3', 'vm6']
--------------------------------------------------------------------------------
vm0: ([(0, 1, 29890000000L, 2)], [(False, False, True, False)])
vm1: ([(0, 1, 29780000000L, 0)], [(True, False, False, False)])
vm2: ([(0, 1, 29370000000L, 1)], [(False, True, False, False)])
vm3: ([(0, 1, 29890000000L, 3)], [(False, False, False, True)])
vm4: ([(0, 1, 24630000000L, 2)], [(False, False, True, False)])
vm5: ([(0, 1, 24340000000L, 1)], [(False, True, False, False)])
vm6: ([(0, 1, 24520000000L, 3)], [(False, False, False, True)])
vm7: ([(0, 1, 24010000000L, 0)], [(True, False, False, False)])
--------------------------------------------------------------------------------
0: 60.0 ['vm1', 'vm7']
1: 59.0 ['vm2', 'vm5']
2: 62.0 ['vm0', 'vm4']
3: 59.0 ['vm3', 'vm6']
--------------------------------------------------------------------------------
vm0: ([(0, 1, 30310000000L, 2)], [(False, False, True, False)])
vm1: ([(0, 1, 30210000000L, 0)], [(True, False, False, False)])
vm2: ([(0, 1, 29790000000L, 1)], [(False, True, False, False)])
vm3: ([(0, 1, 30320000000L, 3)], [(False, False, False, True)])
vm4: ([(0, 1, 24800000000L, 2)], [(False, False, True, False)])
vm5: ([(0, 1, 24500000000L, 1)], [(False, True, False, False)])
vm6: ([(0, 1, 24690000000L, 3)], [(False, False, False, True)])
vm7: ([(0, 1, 24170000000L, 0)], [(True, False, False, False)])
--------------------------------------------------------------------------------
0: 59.0 ['vm1', 'vm7']
1: 58.0 ['vm2', 'vm5']
2: 59.0 ['vm0', 'vm4']
3: 60.0 ['vm3', 'vm6']
--------------------------------------------------------------------------------
vm0: ([(0, 1, 30730000000L, 2)], [(False, False, True, False)])
vm1: ([(0, 1, 30630000000L, 0)], [(True, False, False, False)])
vm2: ([(0, 1, 30220000000L, 1)], [(False, True, False, False)])
vm3: ([(0, 1, 30750000000L, 3)], [(False, False, False, True)])
vm4: ([(0, 1, 24970000000L, 2)], [(False, False, True, False)])
vm5: ([(0, 1, 24660000000L, 1)], [(False, True, False, False)])
vm6: ([(0, 1, 24860000000L, 3)], [(False, False, False, True)])
vm7: ([(0, 1, 24340000000L, 0)], [(True, False, False, False)])
--------------------------------------------------------------------------------
0: 59.0 ['vm1', 'vm7']
1: 59.0 ['vm2', 'vm5']
2: 59.0 ['vm0', 'vm4']
3: 60.0 ['vm3', 'vm6']
--------------------------------------------------------------------------------
vm0: ([(0, 1, 31150000000L, 2)], [(False, False, True, False)])
vm1: ([(0, 1, 31050000000L, 0)], [(True, False, False, False)])
vm2: ([(0, 1, 30640000000L, 1)], [(False, True, False, False)])
vm3: ([(0, 1, 31160000000L, 3)], [(False, False, False, True)])
vm4: ([(0, 1, 25120000000L, 2)], [(False, False, True, False)])
vm5: ([(0, 1, 24830000000L, 1)], [(False, True, False, False)])
vm6: ([(0, 1, 25020000000L, 3)], [(False, False, False, True)])
vm7: ([(0, 1, 24490000000L, 0)], [(True, False, False, False)])
--------------------------------------------------------------------------------
0: 57.0 ['vm1', 'vm7']
1: 59.0 ['vm2', 'vm5']
2: 57.0 ['vm0', 'vm4']
3: 57.0 ['vm3', 'vm6']
--------------------------------------------------------------------------------
vm0: ([(0, 1, 31600000000L, 2)], [(False, False, True, False)])
vm1: ([(0, 1, 31500000000L, 0)], [(True, False, False, False)])
vm2: ([(0, 1, 31080000000L, 1)], [(False, True, False, False)])
vm3: ([(0, 1, 31610000000L, 3)], [(False, False, False, True)])
vm4: ([(0, 1, 25300000000L, 2)], [(False, False, True, False)])
vm5: ([(0, 1, 25010000000L, 1)], [(False, True, False, False)])
vm6: ([(0, 1, 25200000000L, 3)], [(False, False, False, True)])
vm7: ([(0, 1, 24690000000L, 0)], [(True, False, False, False)])
--------------------------------------------------------------------------------
0: 65.0 ['vm1', 'vm7']
1: 62.0 ['vm2', 'vm5']
2: 63.0 ['vm0', 'vm4']
3: 63.0 ['vm3', 'vm6']
--------------------------------------------------------------------------------
vm0: ([(0, 1, 32050000000L, 2)], [(False, False, True, False)])
vm1: ([(0, 1, 31950000000L, 0)], [(True, False, False, False)])
vm2: ([(0, 1, 31540000000L, 1)], [(False, True, False, False)])
vm3: ([(0, 1, 32060000000L, 3)], [(False, False, False, True)])
vm4: ([(0, 1, 25500000000L, 2)], [(False, False, True, False)])
vm5: ([(0, 1, 25200000000L, 1)], [(False, True, False, False)])
vm6: ([(0, 1, 25400000000L, 3)], [(False, False, False, True)])
vm7: ([(0, 1, 24880000000L, 0)], [(True, False, False, False)])
--------------------------------------------------------------------------------
0: 64.0 ['vm1', 'vm7']
1: 65.0 ['vm2', 'vm5']
2: 65.0 ['vm0', 'vm4']
3: 65.0 ['vm3', 'vm6']
--------------------------------------------------------------------------------
vm0: ([(0, 1, 32500000000L, 2)], [(False, False, True, False)])
vm1: ([(0, 1, 32420000000L, 0)], [(True, False, False, False)])
vm2: ([(0, 1, 31990000000L, 1)], [(False, True, False, False)])
vm3: ([(0, 1, 32530000000L, 3)], [(False, False, False, True)])
vm4: ([(0, 1, 25700000000L, 2)], [(False, False, True, False)])
vm5: ([(0, 1, 25390000000L, 1)], [(False, True, False, False)])
vm6: ([(0, 1, 25590000000L, 3)], [(False, False, False, True)])
vm7: ([(0, 1, 25080000000L, 0)], [(True, False, False, False)])
--------------------------------------------------------------------------------
0: 67.0 ['vm1', 'vm7']
1: 64.0 ['vm2', 'vm5']
2: 65.0 ['vm0', 'vm4']
3: 66.0 ['vm3', 'vm6']
--------------------------------------------------------------------------------
vm0: ([(0, 1, 32940000000L, 2)], [(False, False, True, False)])
vm1: ([(0, 1, 32850000000L, 0)], [(True, False, False, False)])
vm2: ([(0, 1, 32410000000L, 1)], [(False, True, False, False)])
vm3: ([(0, 1, 32970000000L, 3)], [(False, False, False, True)])
vm4: ([(0, 1, 25920000000L, 2)], [(False, False, True, False)])
vm5: ([(0, 1, 25600000000L, 1)], [(False, True, False, False)])
vm6: ([(0, 1, 25800000000L, 3)], [(False, False, False, True)])
vm7: ([(0, 1, 25290000000L, 0)], [(True, False, False, False)])
--------------------------------------------------------------------------------
0: 64.0 ['vm1', 'vm7']
1: 63.0 ['vm2', 'vm5']
2: 66.0 ['vm0', 'vm4']
3: 65.0 ['vm3', 'vm6']
--------------------------------------------------------------------------------

