Script started on 2018-10-01 09:18:51-0700
]0;dand@ubuntu: ~/gt_omscs/cs6210_advos/projects/1/test/cpu[01;32mdand@ubuntu[00m:[01;34m~/gt_omscs/cs6210_advos/projects/1/test/cpu[00m$ ./monitor.py 
vm0: ([(0, 1, 23000000000L, 0)], [(True, True, True, True)])
vm1: ([(0, 1, 23560000000L, 2)], [(True, True, True, True)])
vm2: ([(0, 1, 24620000000L, 2)], [(True, True, True, True)])
vm3: ([(0, 1, 24150000000L, 1)], [(True, True, True, True)])
vm4: ([(0, 1, 26010000000L, 1)], [(True, True, True, True)])
vm5: ([(0, 1, 27170000000L, 3)], [(True, True, True, True)])
vm6: ([(0, 1, 26690000000L, 2)], [(True, True, True, True)])
vm7: ([(0, 1, 27110000000L, 0)], [(True, True, True, True)])
--------------------------------------------------------------------------------
0: 0.0 []
1: 0.0 []
2: 0.0 []
3: 0.0 []
--------------------------------------------------------------------------------
vm0: ([(0, 1, 23000000000L, 1)], [(True, True, True, True)])
vm1: ([(0, 1, 23560000000L, 2)], [(True, True, True, True)])
vm2: ([(0, 1, 24620000000L, 2)], [(True, True, True, True)])
vm3: ([(0, 1, 24150000000L, 1)], [(True, True, True, True)])
vm4: ([(0, 1, 26010000000L, 1)], [(True, True, True, True)])
vm5: ([(0, 1, 27170000000L, 3)], [(True, True, True, True)])
vm6: ([(0, 1, 26690000000L, 3)], [(True, True, True, True)])
vm7: ([(0, 1, 27110000000L, 1)], [(True, True, True, True)])
--------------------------------------------------------------------------------
0: 0.0 []
1: 0.0 ['vm0', 'vm3', 'vm4', 'vm7']
2: 0.0 ['vm1', 'vm2']
3: 0.0 ['vm5', 'vm6']
--------------------------------------------------------------------------------
vm0: ([(0, 1, 23000000000L, 0)], [(True, False, False, False)])
vm1: ([(0, 1, 23560000000L, 0)], [(True, False, False, False)])
vm2: ([(0, 1, 24620000000L, 0)], [(True, False, False, False)])
vm3: ([(0, 1, 24150000000L, 0)], [(True, False, False, False)])
vm4: ([(0, 1, 26010000000L, 0)], [(True, False, False, False)])
vm5: ([(0, 1, 27170000000L, 0)], [(True, False, False, False)])
vm6: ([(0, 1, 26690000000L, 0)], [(True, False, False, False)])
vm7: ([(0, 1, 27120000000L, 0)], [(True, False, False, False)])
--------------------------------------------------------------------------------
0: 1.0 ['vm0', 'vm1', 'vm2', 'vm3', 'vm4', 'vm5', 'vm6', 'vm7']
1: 0.0 []
2: 0.0 []
3: 0.0 []
--------------------------------------------------------------------------------
vm0: ([(0, 1, 23010000000L, 0)], [(True, False, False, False)])
vm1: ([(0, 1, 23570000000L, 0)], [(True, False, False, False)])
vm2: ([(0, 1, 24620000000L, 0)], [(True, False, False, False)])
vm3: ([(0, 1, 24150000000L, 0)], [(True, False, False, False)])
vm4: ([(0, 1, 26010000000L, 0)], [(True, False, False, False)])
vm5: ([(0, 1, 27170000000L, 0)], [(True, False, False, False)])
vm6: ([(0, 1, 26700000000L, 0)], [(True, False, False, False)])
vm7: ([(0, 1, 27120000000L, 0)], [(True, False, False, False)])
--------------------------------------------------------------------------------
0: 3.0 ['vm0', 'vm1', 'vm2', 'vm3', 'vm4', 'vm5', 'vm6', 'vm7']
1: 0.0 []
2: 0.0 []
3: 0.0 []
--------------------------------------------------------------------------------
vm0: ([(0, 1, 23020000000L, 0)], [(True, False, False, False)])
vm1: ([(0, 1, 23580000000L, 0)], [(True, False, False, False)])
vm2: ([(0, 1, 24620000000L, 0)], [(True, False, False, False)])
vm3: ([(0, 1, 24150000000L, 0)], [(True, False, False, False)])
vm4: ([(0, 1, 26010000000L, 0)], [(True, False, False, False)])
vm5: ([(0, 1, 27180000000L, 0)], [(True, False, False, False)])
vm6: ([(0, 1, 26710000000L, 0)], [(True, False, False, False)])
vm7: ([(0, 1, 27120000000L, 0)], [(True, False, False, False)])
--------------------------------------------------------------------------------
0: 4.0 ['vm0', 'vm1', 'vm2', 'vm3', 'vm4', 'vm5', 'vm6', 'vm7']
1: 0.0 []
2: 0.0 []
3: 0.0 []
--------------------------------------------------------------------------------
vm0: ([(0, 1, 23030000000L, 0)], [(True, False, False, False)])
vm1: ([(0, 1, 23590000000L, 0)], [(True, False, False, False)])
vm2: ([(0, 1, 24640000000L, 0)], [(True, False, False, False)])
vm3: ([(0, 1, 24160000000L, 0)], [(True, False, False, False)])
vm4: ([(0, 1, 26040000000L, 0)], [(True, False, False, False)])
vm5: ([(0, 1, 27190000000L, 0)], [(True, False, False, False)])
vm6: ([(0, 1, 26720000000L, 0)], [(True, False, False, False)])
vm7: ([(0, 1, 27140000000L, 0)], [(True, False, False, False)])
--------------------------------------------------------------------------------
0: 12.0 ['vm0', 'vm1', 'vm2', 'vm3', 'vm4', 'vm5', 'vm6', 'vm7']
1: 0.0 []
2: 0.0 []
3: 0.0 []
--------------------------------------------------------------------------------
vm0: ([(0, 1, 23150000000L, 0)], [(True, False, False, False)])
vm1: ([(0, 1, 23710000000L, 0)], [(True, False, False, False)])
vm2: ([(0, 1, 24760000000L, 0)], [(True, False, False, False)])
vm3: ([(0, 1, 24300000000L, 0)], [(True, False, False, False)])
vm4: ([(0, 1, 26160000000L, 0)], [(True, False, False, False)])
vm5: ([(0, 1, 27320000000L, 0)], [(True, False, False, False)])
vm6: ([(0, 1, 26840000000L, 0)], [(True, False, False, False)])
vm7: ([(0, 1, 27260000000L, 0)], [(True, False, False, False)])
--------------------------------------------------------------------------------
0: 99.0 ['vm0', 'vm1', 'vm2', 'vm3', 'vm4', 'vm5', 'vm6', 'vm7']
1: 0.0 []
2: 0.0 []
3: 0.0 []
--------------------------------------------------------------------------------
vm0: ([(0, 1, 23340000000L, 2)], [(False, False, True, False)])
vm1: ([(0, 1, 23900000000L, 0)], [(True, False, False, False)])
vm2: ([(0, 1, 24950000000L, 1)], [(False, True, False, False)])
vm3: ([(0, 1, 24470000000L, 3)], [(False, False, False, True)])
vm4: ([(0, 1, 26330000000L, 2)], [(False, False, True, False)])
vm5: ([(0, 1, 27500000000L, 1)], [(False, True, False, False)])
vm6: ([(0, 1, 27020000000L, 3)], [(False, False, False, True)])
vm7: ([(0, 1, 27450000000L, 0)], [(True, False, False, False)])
--------------------------------------------------------------------------------
0: 38.0 ['vm1', 'vm7']
1: 37.0 ['vm2', 'vm5']
2: 36.0 ['vm0', 'vm4']
3: 35.0 ['vm3', 'vm6']
--------------------------------------------------------------------------------
vm0: ([(0, 1, 23650000000L, 2)], [(False, False, True, False)])
vm1: ([(0, 1, 24210000000L, 0)], [(True, False, False, False)])
vm2: ([(0, 1, 25260000000L, 1)], [(False, True, False, False)])
vm3: ([(0, 1, 24780000000L, 3)], [(False, False, False, True)])
vm4: ([(0, 1, 26650000000L, 2)], [(False, False, True, False)])
vm5: ([(0, 1, 27800000000L, 1)], [(False, True, False, False)])
vm6: ([(0, 1, 27340000000L, 3)], [(False, False, False, True)])
vm7: ([(0, 1, 27750000000L, 0)], [(True, False, False, False)])
--------------------------------------------------------------------------------
0: 61.0 ['vm1', 'vm7']
1: 61.0 ['vm2', 'vm5']
2: 63.0 ['vm0', 'vm4']
3: 63.0 ['vm3', 'vm6']
--------------------------------------------------------------------------------
vm0: ([(0, 1, 23970000000L, 2)], [(False, False, True, False)])
vm1: ([(0, 1, 24520000000L, 0)], [(True, False, False, False)])
vm2: ([(0, 1, 25570000000L, 1)], [(False, True, False, False)])
vm3: ([(0, 1, 25090000000L, 3)], [(False, False, False, True)])
vm4: ([(0, 1, 26960000000L, 2)], [(False, False, True, False)])
vm5: ([(0, 1, 28110000000L, 1)], [(False, True, False, False)])
vm6: ([(0, 1, 27650000000L, 3)], [(False, False, False, True)])
vm7: ([(0, 1, 28060000000L, 0)], [(True, False, False, False)])
--------------------------------------------------------------------------------
0: 62.0 ['vm1', 'vm7']
1: 62.0 ['vm2', 'vm5']
2: 63.0 ['vm0', 'vm4']
3: 62.0 ['vm3', 'vm6']
--------------------------------------------------------------------------------
vm0: ([(0, 1, 24270000000L, 2)], [(False, False, True, False)])
vm1: ([(0, 1, 24830000000L, 0)], [(True, False, False, False)])
vm2: ([(0, 1, 25870000000L, 1)], [(False, True, False, False)])
vm3: ([(0, 1, 25400000000L, 3)], [(False, False, False, True)])
vm4: ([(0, 1, 27260000000L, 2)], [(False, False, True, False)])
vm5: ([(0, 1, 28410000000L, 1)], [(False, True, False, False)])
vm6: ([(0, 1, 27960000000L, 3)], [(False, False, False, True)])
vm7: ([(0, 1, 28380000000L, 0)], [(True, False, False, False)])
--------------------------------------------------------------------------------
0: 63.0 ['vm1', 'vm7']
1: 60.0 ['vm2', 'vm5']
2: 60.0 ['vm0', 'vm4']
3: 62.0 ['vm3', 'vm6']
--------------------------------------------------------------------------------
vm0: ([(0, 1, 24580000000L, 2)], [(False, False, True, False)])
vm1: ([(0, 1, 25140000000L, 0)], [(True, False, False, False)])
vm2: ([(0, 1, 26170000000L, 1)], [(False, True, False, False)])
vm3: ([(0, 1, 25720000000L, 3)], [(False, False, False, True)])
vm4: ([(0, 1, 27580000000L, 2)], [(False, False, True, False)])
vm5: ([(0, 1, 28710000000L, 1)], [(False, True, False, False)])
vm6: ([(0, 1, 28270000000L, 3)], [(False, False, False, True)])
vm7: ([(0, 1, 28690000000L, 0)], [(True, False, False, False)])
--------------------------------------------------------------------------------
0: 62.0 ['vm1', 'vm7']
1: 60.0 ['vm2', 'vm5']
2: 63.0 ['vm0', 'vm4']
3: 63.0 ['vm3', 'vm6']
--------------------------------------------------------------------------------
vm0: ([(0, 1, 24880000000L, 2)], [(False, False, True, False)])
vm1: ([(0, 1, 25450000000L, 0)], [(True, False, False, False)])
vm2: ([(0, 1, 26480000000L, 1)], [(False, True, False, False)])
vm3: ([(0, 1, 26020000000L, 3)], [(False, False, False, True)])
vm4: ([(0, 1, 27870000000L, 2)], [(False, False, True, False)])
vm5: ([(0, 1, 29020000000L, 1)], [(False, True, False, False)])
vm6: ([(0, 1, 28580000000L, 3)], [(False, False, False, True)])
vm7: ([(0, 1, 29000000000L, 0)], [(True, False, False, False)])
--------------------------------------------------------------------------------
0: 62.0 ['vm1', 'vm7']
1: 62.0 ['vm2', 'vm5']
2: 59.0 ['vm0', 'vm4']
3: 61.0 ['vm3', 'vm6']
--------------------------------------------------------------------------------
vm0: ([(0, 1, 25190000000L, 2)], [(False, False, True, False)])
vm1: ([(0, 1, 25750000000L, 0)], [(True, False, False, False)])
vm2: ([(0, 1, 26780000000L, 1)], [(False, True, False, False)])
vm3: ([(0, 1, 26320000000L, 3)], [(False, False, False, True)])
vm4: ([(0, 1, 28180000000L, 2)], [(False, False, True, False)])
vm5: ([(0, 1, 29320000000L, 1)], [(False, True, False, False)])
vm6: ([(0, 1, 28880000000L, 3)], [(False, False, False, True)])
vm7: ([(0, 1, 29290000000L, 0)], [(True, False, False, False)])
--------------------------------------------------------------------------------
0: 59.0 ['vm1', 'vm7']
1: 60.0 ['vm2', 'vm5']
2: 62.0 ['vm0', 'vm4']
3: 60.0 ['vm3', 'vm6']
--------------------------------------------------------------------------------
vm0: ([(0, 1, 25490000000L, 2)], [(False, False, True, False)])
vm1: ([(0, 1, 26060000000L, 0)], [(True, False, False, False)])
vm2: ([(0, 1, 27080000000L, 1)], [(False, True, False, False)])
vm3: ([(0, 1, 26630000000L, 3)], [(False, False, False, True)])
vm4: ([(0, 1, 28480000000L, 2)], [(False, False, True, False)])
vm5: ([(0, 1, 29620000000L, 1)], [(False, True, False, False)])
vm6: ([(0, 1, 29180000000L, 3)], [(False, False, False, True)])
vm7: ([(0, 1, 29600000000L, 0)], [(True, False, False, False)])
--------------------------------------------------------------------------------
0: 62.0 ['vm1', 'vm7']
1: 60.0 ['vm2', 'vm5']
2: 60.0 ['vm0', 'vm4']
3: 61.0 ['vm3', 'vm6']
--------------------------------------------------------------------------------
vm0: ([(0, 1, 25800000000L, 2)], [(False, False, True, False)])
vm1: ([(0, 1, 26370000000L, 0)], [(True, False, False, False)])
vm2: ([(0, 1, 27380000000L, 1)], [(False, True, False, False)])
vm3: ([(0, 1, 26950000000L, 3)], [(False, False, False, True)])
vm4: ([(0, 1, 28800000000L, 2)], [(False, False, True, False)])
vm5: ([(0, 1, 29930000000L, 1)], [(False, True, False, False)])
vm6: ([(0, 1, 29510000000L, 3)], [(False, False, False, True)])
vm7: ([(0, 1, 29910000000L, 0)], [(True, False, False, False)])
--------------------------------------------------------------------------------
0: 62.0 ['vm1', 'vm7']
1: 61.0 ['vm2', 'vm5']
2: 63.0 ['vm0', 'vm4']
3: 65.0 ['vm3', 'vm6']
--------------------------------------------------------------------------------
vm0: ([(0, 1, 26130000000L, 2)], [(False, False, True, False)])
vm1: ([(0, 1, 26670000000L, 0)], [(True, False, False, False)])
vm2: ([(0, 1, 27700000000L, 1)], [(False, True, False, False)])
vm3: ([(0, 1, 27270000000L, 3)], [(False, False, False, True)])
vm4: ([(0, 1, 29130000000L, 2)], [(False, False, True, False)])
vm5: ([(0, 1, 30250000000L, 1)], [(False, True, False, False)])
vm6: ([(0, 1, 29830000000L, 3)], [(False, False, False, True)])
vm7: ([(0, 1, 30220000000L, 0)], [(True, False, False, False)])
--------------------------------------------------------------------------------
0: 61.0 ['vm1', 'vm7']
1: 64.0 ['vm2', 'vm5']
2: 66.0 ['vm0', 'vm4']
3: 64.0 ['vm3', 'vm6']
--------------------------------------------------------------------------------
vm0: ([(0, 1, 26440000000L, 2)], [(False, False, True, False)])
vm1: ([(0, 1, 26970000000L, 0)], [(True, False, False, False)])
vm2: ([(0, 1, 27990000000L, 1)], [(False, True, False, False)])
vm3: ([(0, 1, 27580000000L, 3)], [(False, False, False, True)])
vm4: ([(0, 1, 29440000000L, 2)], [(False, False, True, False)])
vm5: ([(0, 1, 30540000000L, 1)], [(False, True, False, False)])
vm6: ([(0, 1, 30140000000L, 3)], [(False, False, False, True)])
vm7: ([(0, 1, 30520000000L, 0)], [(True, False, False, False)])
--------------------------------------------------------------------------------
0: 60.0 ['vm1', 'vm7']
1: 58.0 ['vm2', 'vm5']
2: 62.0 ['vm0', 'vm4']
3: 62.0 ['vm3', 'vm6']
--------------------------------------------------------------------------------
vm0: ([(0, 1, 26740000000L, 2)], [(False, False, True, False)])
vm1: ([(0, 1, 27270000000L, 0)], [(True, False, False, False)])
vm2: ([(0, 1, 28290000000L, 1)], [(False, True, False, False)])
vm3: ([(0, 1, 27890000000L, 3)], [(False, False, False, True)])
vm4: ([(0, 1, 29750000000L, 2)], [(False, False, True, False)])
vm5: ([(0, 1, 30840000000L, 1)], [(False, True, False, False)])
vm6: ([(0, 1, 30450000000L, 3)], [(False, False, False, True)])
vm7: ([(0, 1, 30830000000L, 0)], [(True, False, False, False)])
--------------------------------------------------------------------------------
0: 61.0 ['vm1', 'vm7']
1: 60.0 ['vm2', 'vm5']
2: 61.0 ['vm0', 'vm4']
3: 62.0 ['vm3', 'vm6']
--------------------------------------------------------------------------------
vm0: ([(0, 1, 27060000000L, 2)], [(False, False, True, False)])
vm1: ([(0, 1, 27580000000L, 0)], [(True, False, False, False)])
vm2: ([(0, 1, 28600000000L, 1)], [(False, True, False, False)])
vm3: ([(0, 1, 28190000000L, 3)], [(False, False, False, True)])
vm4: ([(0, 1, 30060000000L, 2)], [(False, False, True, False)])
vm5: ([(0, 1, 31140000000L, 1)], [(False, True, False, False)])
vm6: ([(0, 1, 30760000000L, 3)], [(False, False, False, True)])
vm7: ([(0, 1, 31130000000L, 0)], [(True, False, False, False)])
--------------------------------------------------------------------------------
0: 61.0 ['vm1', 'vm7']
1: 61.0 ['vm2', 'vm5']
2: 63.0 ['vm0', 'vm4']
3: 61.0 ['vm3', 'vm6']
--------------------------------------------------------------------------------
vm0: ([(0, 1, 27360000000L, 2)], [(False, False, True, False)])
vm1: ([(0, 1, 27890000000L, 0)], [(True, False, False, False)])
vm2: ([(0, 1, 28900000000L, 1)], [(False, True, False, False)])
vm3: ([(0, 1, 28510000000L, 3)], [(False, False, False, True)])
vm4: ([(0, 1, 30360000000L, 2)], [(False, False, True, False)])
vm5: ([(0, 1, 31450000000L, 1)], [(False, True, False, False)])
vm6: ([(0, 1, 31060000000L, 3)], [(False, False, False, True)])
vm7: ([(0, 1, 31440000000L, 0)], [(True, False, False, False)])
--------------------------------------------------------------------------------
0: 62.0 ['vm1', 'vm7']
1: 61.0 ['vm2', 'vm5']
2: 60.0 ['vm0', 'vm4']
3: 62.0 ['vm3', 'vm6']
--------------------------------------------------------------------------------
vm0: ([(0, 1, 27670000000L, 2)], [(False, False, True, False)])
vm1: ([(0, 1, 28210000000L, 0)], [(True, False, False, False)])
vm2: ([(0, 1, 29220000000L, 1)], [(False, True, False, False)])
vm3: ([(0, 1, 28820000000L, 3)], [(False, False, False, True)])
vm4: ([(0, 1, 30680000000L, 2)], [(False, False, True, False)])
vm5: ([(0, 1, 31760000000L, 1)], [(False, True, False, False)])
vm6: ([(0, 1, 31380000000L, 3)], [(False, False, False, True)])
vm7: ([(0, 1, 31760000000L, 0)], [(True, False, False, False)])
--------------------------------------------------------------------------------
0: 64.0 ['vm1', 'vm7']
1: 63.0 ['vm2', 'vm5']
2: 63.0 ['vm0', 'vm4']
3: 63.0 ['vm3', 'vm6']
--------------------------------------------------------------------------------
vm0: ([(0, 1, 27990000000L, 2)], [(False, False, True, False)])
vm1: ([(0, 1, 28540000000L, 0)], [(True, False, False, False)])
vm2: ([(0, 1, 29540000000L, 1)], [(False, True, False, False)])
vm3: ([(0, 1, 29140000000L, 3)], [(False, False, False, True)])
vm4: ([(0, 1, 31000000000L, 2)], [(False, False, True, False)])
vm5: ([(0, 1, 32080000000L, 1)], [(False, True, False, False)])
vm6: ([(0, 1, 31700000000L, 3)], [(False, False, False, True)])
vm7: ([(0, 1, 32090000000L, 0)], [(True, False, False, False)])
--------------------------------------------------------------------------------
0: 66.0 ['vm1', 'vm7']
1: 64.0 ['vm2', 'vm5']
2: 64.0 ['vm0', 'vm4']
3: 64.0 ['vm3', 'vm6']
--------------------------------------------------------------------------------
vm0: ([(0, 1, 28320000000L, 2)], [(False, False, True, False)])
vm1: ([(0, 1, 28850000000L, 0)], [(True, False, False, False)])
vm2: ([(0, 1, 29830000000L, 1)], [(False, True, False, False)])
vm3: ([(0, 1, 29460000000L, 3)], [(False, False, False, True)])
vm4: ([(0, 1, 31310000000L, 2)], [(False, False, True, False)])
vm5: ([(0, 1, 32380000000L, 1)], [(False, True, False, False)])
vm6: ([(0, 1, 32000000000L, 3)], [(False, False, False, True)])
vm7: ([(0, 1, 32380000000L, 0)], [(True, False, False, False)])
--------------------------------------------------------------------------------
0: 60.0 ['vm1', 'vm7']
1: 59.0 ['vm2', 'vm5']
2: 64.0 ['vm0', 'vm4']
3: 62.0 ['vm3', 'vm6']
--------------------------------------------------------------------------------
^CTraceback (most recent call last):
  File "./monitor.py", line 72, in <module>
    s.run()
  File "/usr/lib/python2.7/sched.py", line 111, in run
    delayfunc(time - now)
KeyboardInterrupt

